2020-04-05 13:25:55,062 INFO: Microblog startup [in D:\Apis\Flaskprojects\SaccoPaymentGateway\gateway\__init__.py:61]
2020-04-05 13:32:51,665 INFO: Microblog startup [in D:\Apis\Flaskprojects\SaccoPaymentGateway\gateway\__init__.py:61]
2020-04-05 13:33:53,233 INFO: Microblog startup [in D:\Apis\Flaskprojects\SaccoPaymentGateway\gateway\__init__.py:61]
2020-04-05 13:36:26,062 INFO: Microblog startup [in D:\Apis\Flaskprojects\SaccoPaymentGateway\gateway\__init__.py:61]
2020-04-05 13:37:56,585 INFO: Microblog startup [in D:\Apis\Flaskprojects\SaccoPaymentGateway\gateway\__init__.py:61]
2020-04-09 10:30:29,302 INFO: Saccostartup [in D:\Apis\Flaskprojects\SaccoPaymentGateway\gateway\__init__.py:61]
2020-04-09 10:36:57,763 INFO: Saccostartup [in D:\Apis\Flaskprojects\SaccoPaymentGateway\gateway\__init__.py:61]
2020-04-09 10:38:26,993 INFO: Saccostartup [in D:\Apis\Flaskprojects\SaccoPaymentGateway\gateway\__init__.py:61]
2020-04-09 10:50:17,733 INFO: Saccostartup [in D:\Apis\Flaskprojects\SaccoPaymentGateway\gateway\__init__.py:61]
2020-04-09 11:40:36,128 INFO: Saccostartup [in D:\Apis\Flaskprojects\SaccoPaymentGateway\gateway\__init__.py:61]
2020-04-09 11:47:50,963 INFO: Saccostartup [in D:\Apis\Flaskprojects\SaccoPaymentGateway\gateway\__init__.py:61]
2020-04-09 11:54:53,237 INFO: Saccostartup [in D:\Apis\Flaskprojects\SaccoPaymentGateway\gateway\__init__.py:61]
2020-04-09 11:59:13,987 INFO: Saccostartup [in D:\Apis\Flaskprojects\SaccoPaymentGateway\gateway\__init__.py:61]
2020-04-09 12:00:00,053 INFO: Saccostartup [in D:\Apis\Flaskprojects\SaccoPaymentGateway\gateway\__init__.py:61]
2020-04-09 12:01:39,319 INFO: Saccostartup [in D:\Apis\Flaskprojects\SaccoPaymentGateway\gateway\__init__.py:61]
2020-04-09 12:09:28,109 INFO: Saccostartup [in D:\Apis\Flaskprojects\SaccoPaymentGateway\gateway\__init__.py:61]
2020-04-09 12:13:19,263 INFO: Saccostartup [in D:\Apis\Flaskprojects\SaccoPaymentGateway\gateway\__init__.py:61]
2020-04-09 12:20:24,013 INFO: Saccostartup [in D:\Apis\Flaskprojects\SaccoPaymentGateway\gateway\__init__.py:61]
2020-04-09 12:20:45,621 INFO: Saccostartup [in D:\Apis\Flaskprojects\SaccoPaymentGateway\gateway\__init__.py:61]
2020-04-09 12:22:07,846 INFO: Saccostartup [in D:\Apis\Flaskprojects\SaccoPaymentGateway\gateway\__init__.py:61]
2020-04-09 12:32:45,822 INFO: Saccostartup [in D:\Apis\Flaskprojects\SaccoPaymentGateway\gateway\__init__.py:61]
2020-04-09 13:12:47,898 INFO: Saccostartup [in D:\Apis\Flaskprojects\SaccoPaymentGateway\gateway\__init__.py:61]
2020-04-09 13:52:01,299 INFO: Saccostartup [in D:\Apis\Flaskprojects\SaccoPaymentGateway\gateway\__init__.py:61]
2020-04-09 13:53:51,923 INFO: Saccostartup [in D:\Apis\Flaskprojects\SaccoPaymentGateway\gateway\__init__.py:61]
2020-04-09 14:11:53,828 INFO: Saccostartup [in D:\Apis\Flaskprojects\SaccoPaymentGateway\gateway\__init__.py:61]
2020-04-09 14:31:25,265 INFO: Saccostartup [in D:\Apis\Flaskprojects\SaccoPaymentGateway\gateway\__init__.py:61]
2020-04-09 14:34:52,371 INFO: Saccostartup [in D:\Apis\Flaskprojects\SaccoPaymentGateway\gateway\__init__.py:61]
2020-04-09 14:36:29,065 INFO: Saccostartup [in D:\Apis\Flaskprojects\SaccoPaymentGateway\gateway\__init__.py:61]
2020-04-12 13:31:02,062 INFO: Saccostartup [in D:\Apis\Flaskprojects\SaccoPaymentGateway\gateway\__init__.py:61]
2020-04-12 13:35:42,466 INFO: Saccostartup [in D:\Apis\Flaskprojects\SaccoPaymentGateway\gateway\__init__.py:61]
2020-04-12 14:02:19,542 INFO: Saccostartup [in D:\Apis\Flaskprojects\SaccoPaymentGateway\gateway\__init__.py:61]
2020-04-12 14:25:05,325 INFO: Saccostartup [in D:\Apis\Flaskprojects\SaccoPaymentGateway\gateway\__init__.py:61]
2020-04-13 11:26:22,028 INFO: Saccostartup [in D:\Apis\Flaskprojects\SaccoPaymentGateway\gateway\__init__.py:61]
2020-04-13 11:31:39,776 INFO: Saccostartup [in D:\Apis\Flaskprojects\SaccoPaymentGateway\gateway\__init__.py:61]
2020-04-13 11:35:52,378 INFO: Saccostartup [in D:\Apis\Flaskprojects\SaccoPaymentGateway\gateway\__init__.py:61]
2020-04-13 11:39:51,818 INFO: Saccostartup [in D:\Apis\Flaskprojects\SaccoPaymentGateway\gateway\__init__.py:61]
2020-04-13 11:42:39,687 INFO: Saccostartup [in D:\Apis\Flaskprojects\SaccoPaymentGateway\gateway\__init__.py:61]
2020-04-13 11:46:31,042 INFO: Saccostartup [in D:\Apis\Flaskprojects\SaccoPaymentGateway\gateway\__init__.py:61]
2020-04-13 11:50:54,549 INFO: Saccostartup [in D:\Apis\Flaskprojects\SaccoPaymentGateway\gateway\__init__.py:61]
2020-04-13 11:53:02,457 INFO: Saccostartup [in D:\Apis\Flaskprojects\SaccoPaymentGateway\gateway\__init__.py:61]
2020-04-13 11:53:20,325 INFO: Saccostartup [in D:\Apis\Flaskprojects\SaccoPaymentGateway\gateway\__init__.py:61]
2020-04-13 11:54:10,276 INFO: Saccostartup [in D:\Apis\Flaskprojects\SaccoPaymentGateway\gateway\__init__.py:61]
2020-04-13 11:59:42,756 INFO: Saccostartup [in D:\Apis\Flaskprojects\SaccoPaymentGateway\gateway\__init__.py:61]
2020-04-13 12:07:41,690 INFO: Saccostartup [in D:\Apis\Flaskprojects\SaccoPaymentGateway\gateway\__init__.py:61]
2020-04-15 10:48:10,710 INFO: Saccostartup [in D:\Apis\Flaskprojects\SaccoPaymentGateway\gateway\__init__.py:61]
2020-04-15 11:01:09,438 INFO: Saccostartup [in D:\Apis\Flaskprojects\SaccoPaymentGateway\gateway\__init__.py:61]
2020-04-15 11:02:42,841 INFO: Saccostartup [in D:\Apis\Flaskprojects\SaccoPaymentGateway\gateway\__init__.py:61]
2020-04-15 11:03:23,384 INFO: Saccostartup [in D:\Apis\Flaskprojects\SaccoPaymentGateway\gateway\__init__.py:61]
2020-04-15 11:07:18,036 ERROR: Exception on /api/MakePayment [POST] [in D:\Apis\Flaskprojects\SaccoPaymentGateway\venv\lib\site-packages\flask\app.py:1891]
Traceback (most recent call last):
  File "D:\Apis\Flaskprojects\SaccoPaymentGateway\venv\lib\site-packages\flask\app.py", line 2446, in wsgi_app
    response = self.full_dispatch_request()
  File "D:\Apis\Flaskprojects\SaccoPaymentGateway\venv\lib\site-packages\flask\app.py", line 1951, in full_dispatch_request
    rv = self.handle_user_exception(e)
  File "D:\Apis\Flaskprojects\SaccoPaymentGateway\venv\lib\site-packages\flask_cors\extension.py", line 161, in wrapped_function
    return cors_after_request(app.make_response(f(*args, **kwargs)))
  File "D:\Apis\Flaskprojects\SaccoPaymentGateway\venv\lib\site-packages\flask\app.py", line 1820, in handle_user_exception
    reraise(exc_type, exc_value, tb)
  File "D:\Apis\Flaskprojects\SaccoPaymentGateway\venv\lib\site-packages\flask\app.py", line 1949, in full_dispatch_request
    rv = self.dispatch_request()
  File "D:\Apis\Flaskprojects\SaccoPaymentGateway\venv\lib\site-packages\flask\app.py", line 1935, in dispatch_request
    return self.view_functions[rule.endpoint](**req.view_args)
  File "D:\Apis\Flaskprojects\SaccoPaymentGateway\venv\lib\site-packages\flask_httpauth.py", line 105, in decorated
    return f(*args, **kwargs)
  File "D:\Apis\Flaskprojects\SaccoPaymentGateway\gateway\api\routes.py", line 117, in lipa_na_mpesa_online
    with Logic as logic:
AttributeError: __exit__
2020-04-15 11:08:49,135 INFO: Saccostartup [in D:\Apis\Flaskprojects\SaccoPaymentGateway\gateway\__init__.py:61]
2020-04-15 11:09:07,842 INFO: Saccostartup [in D:\Apis\Flaskprojects\SaccoPaymentGateway\gateway\__init__.py:61]
2020-04-15 11:16:10,496 INFO: Saccostartup [in D:\Apis\Flaskprojects\SaccoPaymentGateway\gateway\__init__.py:61]
2020-04-15 11:16:57,592 INFO: Saccostartup [in D:\Apis\Flaskprojects\SaccoPaymentGateway\gateway\__init__.py:61]
2020-04-15 11:19:17,930 INFO: Saccostartup [in D:\Apis\Flaskprojects\SaccoPaymentGateway\gateway\__init__.py:61]
2020-04-15 11:19:29,224 INFO: Saccostartup [in D:\Apis\Flaskprojects\SaccoPaymentGateway\gateway\__init__.py:61]
2020-04-15 11:20:42,108 INFO: Saccostartup [in D:\Apis\Flaskprojects\SaccoPaymentGateway\gateway\__init__.py:61]
2020-04-15 11:20:45,719 INFO: Saccostartup [in D:\Apis\Flaskprojects\SaccoPaymentGateway\gateway\__init__.py:61]
2020-04-15 11:24:50,213 INFO: Saccostartup [in D:\Apis\Flaskprojects\SaccoPaymentGateway\gateway\__init__.py:61]
2020-04-15 11:25:32,051 INFO: Saccostartup [in D:\Apis\Flaskprojects\SaccoPaymentGateway\gateway\__init__.py:61]
2020-04-15 11:26:13,026 INFO: Saccostartup [in D:\Apis\Flaskprojects\SaccoPaymentGateway\gateway\__init__.py:61]
2020-04-15 11:41:13,631 INFO: Saccostartup [in D:\Apis\Flaskprojects\SaccoPaymentGateway\gateway\__init__.py:61]
2020-04-15 11:42:32,727 INFO: Saccostartup [in D:\Apis\Flaskprojects\SaccoPaymentGateway\gateway\__init__.py:61]
2020-04-15 11:46:02,279 INFO: Saccostartup [in D:\Apis\Flaskprojects\SaccoPaymentGateway\gateway\__init__.py:61]
2020-04-15 11:46:40,976 INFO: Saccostartup [in D:\Apis\Flaskprojects\SaccoPaymentGateway\gateway\__init__.py:61]
2020-04-15 11:49:05,930 INFO: Saccostartup [in D:\Apis\Flaskprojects\SaccoPaymentGateway\gateway\__init__.py:61]
